        -:    0:Source:C:/FACC/OOP/Lab2-4/main.c
        -:    0:Graph:C:\FACC\OOP\Lab2-4\cmake-build-debug-coverage\CMakeFiles\Lab2_4.dir\main.c.gcno
        -:    0:Data:C:\FACC\OOP\Lab2-4\cmake-build-debug-coverage\CMakeFiles\Lab2_4.dir\main.c.gcda
        -:    0:Runs:1
        -:    1:#include "ui.h"
        -:    2:
function main called 1 returned 100% blocks executed 100%
        1:    3:int main() {
        1:    4:    testAll();
        1:    4-block  0
call    0 returned 1
        1:    5:    run();
call    0 returned 1
        1:    6:    return 0;
        -:    7:}
